<?xml version="1.0" encoding="UTF-8"?>
<!-- Generated by org.testng.reporters.JUnitXMLReporter -->
<testsuite hostname="Yashaswigowda" ignored="0" name="Command line test" tests="6" failures="0" timestamp="2019-11-12T22:58:49 IST" time="0.1" errors="0">
  <testcase name="demo" time="0.007" classname="qaclickacademy.day1Test"/>
  <testcase name="demo2" time="0.0" classname="qaclickacademy.day1Test"/>
  <testcase name="demo4" time="0.008" classname="qaclickacademy.day2Test"/>
  <testcase name="demo5" time="0.001" classname="qaclickacademy.day2Test"/>
  <testcase name="demo8" time="0.0" classname="qaclickacademy.day2Test"/>
  <testcase name="demo9" time="0.0" classname="qaclickacademy.day2Test"/>
</testsuite> <!-- Command line test -->
