<?xml version="1.0" encoding="UTF-8"?>
<testng-results skipped="0" failed="0" ignored="0" total="2" passed="2">
  <reporter-output>
  </reporter-output>
  <suite name="Suite" duration-ms="85" started-at="2019-11-13T20:39:34 IST" finished-at="2019-11-13T20:39:34 IST">
    <groups>
    </groups>
    <test name="Test" duration-ms="85" started-at="2019-11-13T20:39:34 IST" finished-at="2019-11-13T20:39:34 IST">
      <class name="qaclickacademy.day1Test">
        <test-method status="PASS" signature="demo2()[pri:0, instance:qaclickacademy.day1Test@4883b407]" name="demo2" duration-ms="0" started-at="2019-11-13T20:39:34 IST" finished-at="2019-11-13T20:39:34 IST">
          <reporter-output>
          </reporter-output>
        </test-method> <!-- demo2 -->
        <test-method status="PASS" signature="demo()[pri:0, instance:qaclickacademy.day1Test@4883b407]" name="demo" duration-ms="0" started-at="2019-11-13T20:39:34 IST" finished-at="2019-11-13T20:39:34 IST">
          <reporter-output>
          </reporter-output>
        </test-method> <!-- demo -->
      </class> <!-- qaclickacademy.day1Test -->
    </test> <!-- Test -->
  </suite> <!-- Suite -->
</testng-results>
