<?xml version="1.0" encoding="UTF-8"?>
<testng-results ignored="0" total="2" passed="2" failed="0" skipped="0">
  <reporter-output>
  </reporter-output>
  <suite started-at="2019-11-09T13:20:55 IST" name="Default suite" finished-at="2019-11-09T13:20:55 IST" duration-ms="60">
    <groups>
    </groups>
    <test started-at="2019-11-09T13:20:55 IST" name="Default test" finished-at="2019-11-09T13:20:55 IST" duration-ms="60">
      <class name="qaclickacademy.day1Test">
        <test-method signature="demo()[pri:0, instance:qaclickacademy.day1Test@27c86f2d]" started-at="2019-11-09T13:20:55 IST" name="demo" finished-at="2019-11-09T13:20:55 IST" duration-ms="0" status="PASS">
          <reporter-output>
          </reporter-output>
        </test-method> <!-- demo -->
        <test-method signature="demo2()[pri:0, instance:qaclickacademy.day1Test@27c86f2d]" started-at="2019-11-09T13:20:55 IST" name="demo2" finished-at="2019-11-09T13:20:55 IST" duration-ms="0" status="PASS">
          <reporter-output>
          </reporter-output>
        </test-method> <!-- demo2 -->
      </class> <!-- qaclickacademy.day1Test -->
    </test> <!-- Default test -->
  </suite> <!-- Default suite -->
</testng-results>
